<?xml version='1.0'?>
<ns2:test-suite xmlns:ns2='urn:model.allure.qatools.yandex.ru' start='1668790440441' stop='1668790443854'>
    <name>OpenCart</name>
    <title>OpenCart</title>
    <test-cases>
        <test-case start='1668790440441' status='failed' stop='1668790443853'>
            <name>Debería buscar apple cinema, ingresar al artículo y seleccionar un color</name>
            <title>Debería buscar apple cinema, ingresar al artículo y seleccionar un color</title>
            <labels>
                <label name='language' value='javascript'/>
                <label name='framework' value='wdio'/>
                <label name='thread' value='0-0'/>
            </labels>
            <parameters>
                <parameter kind='argument' name='browser' value='chrome-107.0.5304.107'/>
            </parameters>
            <steps>
                <step start='1668790440563' status='passed' stop='1668790442753'>
                    <name>POST /session/:sessionId/url</name>
                    <title>POST /session/:sessionId/url</title>
                    <attachments>
                        <attachment title='Request' source='9c72614f-b423-462f-b8be-80e64342f335-attachment.json' type='application/json' size='44'/>
                    </attachments>
                    <steps/>
                </step>
                <step start='1668790442754' status='passed' stop='1668790442808'>
                    <name>POST /session/:sessionId/element</name>
                    <title>POST /session/:sessionId/element</title>
                    <attachments>
                        <attachment title='Request' source='96f8a923-41c8-4ac9-b7dc-88a63c53a56c-attachment.json' type='application/json' size='61'/>
                        <attachment title='Response' source='e7d6317e-41ba-4105-8d43-8c31648285d3-attachment.json' type='application/json' size='83'/>
                    </attachments>
                    <steps/>
                </step>
                <step start='1668790442819' status='passed' stop='1668790442880'>
                    <name>POST /session/:sessionId/element/567a9ab3-7f3f-4fa2-843c-083fa7bc4d35/clear</name>
                    <title>POST /session/:sessionId/element/567a9ab3-7f3f-4fa2-843c-083fa7bc4d35/clear</title>
                    <attachments/>
                    <steps/>
                </step>
                <step start='1668790442885' status='passed' stop='1668790442984'>
                    <name>POST /session/:sessionId/element/567a9ab3-7f3f-4fa2-843c-083fa7bc4d35/value</name>
                    <title>POST /session/:sessionId/element/567a9ab3-7f3f-4fa2-843c-083fa7bc4d35/value</title>
                    <attachments>
                        <attachment title='Request' source='2e217a3c-f6a4-4e2b-b7fd-769e2701230f-attachment.json' type='application/json' size='28'/>
                    </attachments>
                    <steps/>
                </step>
                <step start='1668790442984' status='passed' stop='1668790443023'>
                    <name>GET /session/:sessionId/element/567a9ab3-7f3f-4fa2-843c-083fa7bc4d35/property/value</name>
                    <title>GET /session/:sessionId/element/567a9ab3-7f3f-4fa2-843c-083fa7bc4d35/property/value</title>
                    <attachments>
                        <attachment title='Response' source='230ee1e1-8bf8-461c-b2b4-77e653e2f2be-attachment.json' type='application/json' size='14'/>
                    </attachments>
                    <steps/>
                </step>
                <step start='1668790443025' status='passed' stop='1668790443547'>
                    <name>POST /session/:sessionId/actions</name>
                    <title>POST /session/:sessionId/actions</title>
                    <attachments>
                        <attachment title='Request' source='c6ea594e-0907-469c-88c1-e61935962147-attachment.json' type='application/json' size='249'/>
                    </attachments>
                    <steps/>
                </step>
                <step start='1668790443547' status='passed' stop='1668790443572'>
                    <name>DELETE /session/:sessionId/actions</name>
                    <title>DELETE /session/:sessionId/actions</title>
                    <attachments/>
                    <steps/>
                </step>
                <step start='1668790443572' status='passed' stop='1668790443633'>
                    <name>POST /session/:sessionId/element</name>
                    <title>POST /session/:sessionId/element</title>
                    <attachments>
                        <attachment title='Request' source='d2b81cec-8d73-4275-a9eb-0227a8723ddc-attachment.json' type='application/json' size='46'/>
                        <attachment title='Response' source='97d5ccb0-92d8-404d-b2b0-4acb04619b00-attachment.json' type='application/json' size='83'/>
                    </attachments>
                    <steps/>
                </step>
                <step start='1668790443641' status='passed' stop='1668790443692'>
                    <name>GET /session/:sessionId/element/a17c69f0-aa2e-4acc-8c4e-2dedb9e8ff1e/text</name>
                    <title>GET /session/:sessionId/element/a17c69f0-aa2e-4acc-8c4e-2dedb9e8ff1e/text</title>
                    <attachments>
                        <attachment title='Response' source='af722c46-fe79-4faa-a57d-076c518d4f83-attachment.json' type='application/json' size='19'/>
                    </attachments>
                    <steps/>
                </step>
                <step start='1668790443703' status='passed' stop='1668790443848'>
                    <name>GET /session/:sessionId/screenshot</name>
                    <title>GET /session/:sessionId/screenshot</title>
                    <attachments>
                        <attachment title='Screenshot' source='82a70cfd-2b13-4051-beb2-c3c5c470244c-attachment.png' type='image/png' size='84102'/>
                    </attachments>
                    <steps/>
                </step>
            </steps>
            <attachments/>
            <failure>
                <message>Error: no se mostró el header esperado: expected 'Apple Cinema 30"' to equal 'Apple Cinema'      
                      actual expected
                      
                      'Apple Cinema 30"'
                      </message>
                <stack-trace>AssertionError: Error: no se mostró el header esperado: expected 'Apple Cinema 30"' to equal 'Apple Cinema'
                    at Context.&lt;anonymous> (C:\Users\vgs17carge\Desktop\upCamp\WebdriverIO-Abstracta\tests\/opencart.test.js:31:22)</stack-trace>
            </failure>
        </test-case>
    </test-cases>
</ns2:test-suite>