<?xml version='1.0'?>
<ns2:test-suite xmlns:ns2='urn:model.allure.qatools.yandex.ru' start='1673029566392' stop='1673029582523'>
    <name>OpenCart Shopping Cart</name>
    <title>OpenCart Shopping Cart</title>
    <test-cases>
        <test-case start='1673029566392' status='failed' stop='1673029572344'>
            <name>[CP05] Debería agregar MacBook al carrito de compras</name>
            <title>[CP05] Debería agregar MacBook al carrito de compras</title>
            <labels>
                <label name='language' value='javascript'/>
                <label name='framework' value='wdio'/>
                <label name='thread' value='0-0'/>
                <label name='language' value='javascript'/>
                <label name='framework' value='wdio'/>
                <label name='thread' value='0-0'/>
                <label name='language' value='javascript'/>
                <label name='framework' value='wdio'/>
                <label name='thread' value='0-0'/>
            </labels>
            <parameters>
                <parameter kind='argument' name='browser' value='chrome-108.0.5359.125'/>
                <parameter kind='argument' name='browser' value='chrome-108.0.5359.125'/>
                <parameter kind='argument' name='browser' value='chrome-108.0.5359.125'/>
            </parameters>
            <steps>
                <step start='1673029569362' status='passed' stop='1673029569362'>
                    <name>Devuelve selector del artículo del block "Featured" acorde al nombre</name>
                    <title>Devuelve selector del artículo del block "Featured" acorde al nombre</title>
                    <attachments/>
                    <steps/>
                </step>
                <step start='1673029571232' status='passed' stop='1673029571232'>
                    <name>Devuelve selector del artículo del block "Featured" acorde al nombre</name>
                    <title>Devuelve selector del artículo del block "Featured" acorde al nombre</title>
                    <attachments/>
                    <steps/>
                </step>
                <step start='1673029571310' status='passed' stop='1673029571310'>
                    <name>Add to cart</name>
                    <title>Add to cart</title>
                    <attachments/>
                    <steps/>
                </step>
            </steps>
            <attachments>
                <attachment title='Screenshot' source='c17a5f8c-69b9-4538-a01d-456fc7361548-attachment.png' type='image/png' size='111272'/>
            </attachments>
            <failure>
                <message>expected 'Success: You have added MacBook to yo…' to equal 'Success: You have added MacBook to yo…'      
                      actual expected
                      
                      'Success: You have added MacBook to your shopping cart!\n×'
                      </message>
                <stack-trace>AssertionError: expected 'Success: You have added MacBook to yo…' to equal 'Success: You have added MacBook to yo…'
                    at Context.&lt;anonymous> (C:\Users\vgs17carge\Documents\GitHub\prueba-final-opencart\tests\/shoppingCart.test.js:22:24)</stack-trace>
            </failure>
        </test-case>
        <test-case start='1673029572345' status='broken' stop='1673029582522'>
            <name>[CP05] Debería agregar iPhone al carrito de compras</name>
            <title>[CP05] Debería agregar iPhone al carrito de compras</title>
            <labels>
                <label name='language' value='javascript'/>
                <label name='framework' value='wdio'/>
                <label name='thread' value='0-0'/>
            </labels>
            <parameters>
                <parameter kind='argument' name='browser' value='chrome-108.0.5359.125'/>
            </parameters>
            <steps>
                <step start='1673029572345' status='passed' stop='1673029572345'>
                    <name>Devuelve selector del artículo del block "Featured" acorde al nombre</name>
                    <title>Devuelve selector del artículo del block "Featured" acorde al nombre</title>
                    <attachments/>
                    <steps/>
                </step>
            </steps>
            <attachments>
                <attachment title='Screenshot' source='d1ce933d-5fae-47a7-9b7a-5d608fa5814b-attachment.png' type='image/png' size='111272'/>
            </attachments>
            <failure>
                <message>element ("img[title="iPhone"]") still not clickable after 10000ms</message>
                <stack-trace>Error: element ("img[title="iPhone"]") still not clickable after 10000ms
                    at C:\Users\vgs17carge\Documents\GitHub\prueba-final-opencart\node_modules\webdriverio\build\commands\browser\waitUntil.js:66:23
                    at Element.wrapCommandFn (C:\Users\vgs17carge\Documents\GitHub\prueba-final-opencart\node_modules\@wdio\utils\build\shim.js:137:29)
                    at Element.elementErrorHandlerCallbackFn (C:\Users\vgs17carge\Documents\GitHub\prueba-final-opencart\node_modules\webdriverio\build\middlewares.js:24:32)
                    at Element.wrapCommandFn (C:\Users\vgs17carge\Documents\GitHub\prueba-final-opencart\node_modules\@wdio\utils\build\shim.js:137:29)
                    at Element.wrapCommandFn (C:\Users\vgs17carge\Documents\GitHub\prueba-final-opencart\node_modules\@wdio\utils\build\shim.js:137:29)
                    at Element.elementErrorHandlerCallbackFn (C:\Users\vgs17carge\Documents\GitHub\prueba-final-opencart\node_modules\webdriverio\build\middlewares.js:24:32)
                    at Element.wrapCommandFn (C:\Users\vgs17carge\Documents\GitHub\prueba-final-opencart\node_modules\@wdio\utils\build\shim.js:137:29)
                    at HomePage.clickearElemento (C:\Users\vgs17carge\Documents\GitHub\prueba-final-opencart\pages\/base.page.js:20:8)
                    at Context.&lt;anonymous> (C:\Users\vgs17carge\Documents\GitHub\prueba-final-opencart\tests\/shoppingCart.test.js:18:17)</stack-trace>
            </failure>
        </test-case>
    </test-cases>
</ns2:test-suite>