<?xml version='1.0'?>
<ns2:test-suite xmlns:ns2='urn:model.allure.qatools.yandex.ru' start='1673305308752' stop='1673305317651'>
    <name>OpenCart Shopping Cart</name>
    <title>OpenCart Shopping Cart</title>
    <test-cases>
        <test-case start='1673305308752' status='broken' stop='1673305316559'>
            <name>[CP05] Debería agregar MacBook al carrito de compras</name>
            <title>[CP05] Debería agregar MacBook al carrito de compras</title>
            <labels>
                <label name='language' value='javascript'/>
                <label name='framework' value='wdio'/>
                <label name='thread' value='0-0'/>
                <label name='language' value='javascript'/>
                <label name='framework' value='wdio'/>
                <label name='thread' value='0-0'/>
                <label name='language' value='javascript'/>
                <label name='framework' value='wdio'/>
                <label name='thread' value='0-0'/>
            </labels>
            <parameters>
                <parameter kind='argument' name='browser' value='chrome-108.0.5359.125'/>
                <parameter kind='argument' name='browser' value='chrome-108.0.5359.125'/>
                <parameter kind='argument' name='browser' value='chrome-108.0.5359.125'/>
            </parameters>
            <steps>
                <step start='1673305312752' status='passed' stop='1673305312752'>
                    <name>Devuelve selector del artículo del block "Featured" acorde al nombre</name>
                    <title>Devuelve selector del artículo del block "Featured" acorde al nombre</title>
                    <attachments/>
                    <steps/>
                </step>
                <step start='1673305314384' status='passed' stop='1673305314384'>
                    <name>Devuelve selector del artículo del block "Featured" acorde al nombre</name>
                    <title>Devuelve selector del artículo del block "Featured" acorde al nombre</title>
                    <attachments/>
                    <steps/>
                </step>
                <step start='1673305314474' status='passed' stop='1673305314474'>
                    <name>Add to Shopping Cart</name>
                    <title>Add to Shopping Cart</title>
                    <attachments/>
                    <steps/>
                </step>
                <step start='1673305315279' status='passed' stop='1673305315279'>
                    <name>Return to Home Page</name>
                    <title>Return to Home Page</title>
                    <attachments/>
                    <steps/>
                </step>
                <step start='1673305315865' status='passed' stop='1673305315865'>
                    <name>View Shopping Cart</name>
                    <title>View Shopping Cart</title>
                    <attachments/>
                    <steps/>
                </step>
                <step start='1673305316123' status='passed' stop='1673305316123'>
                    <name>Remove from Shopping Cart</name>
                    <title>Remove from Shopping Cart</title>
                    <attachments/>
                    <steps/>
                </step>
            </steps>
            <attachments>
                <attachment title='Screenshot' source='ac0c711d-3e14-43da-93b8-77ea7d5a3ebc-attachment.png' type='image/png' size='169107'/>
                <attachment title='Screenshot' source='f2497932-4c93-4e8c-9ba7-eede7de8f5ce-attachment.png' type='image/png' size='158452'/>
            </attachments>
            <failure>
                <message>The element with selector "#cart-total" you are trying to pass into the execute method wasn't found</message>
                <stack-trace>Error: The element with selector "#cart-total" you are trying to pass into the execute method wasn't found
                    at verify (C:\Users\vgs17carge\Documents\GitHub\prueba-final-opencart\node_modules\webdriverio\build\utils\index.js:310:23)
                    at Array.map (&lt;anonymous>)
                    at verifyArgsAndStripIfElement (C:\Users\vgs17carge\Documents\GitHub\prueba-final-opencart\node_modules\webdriverio\build\utils\index.js:319:55)
                    at Browser.execute (C:\Users\vgs17carge\Documents\GitHub\prueba-final-opencart\node_modules\webdriverio\build\commands\browser\execute.js:53:79)
                    at Browser.wrapCommandFn (C:\Users\vgs17carge\Documents\GitHub\prueba-final-opencart\node_modules\@wdio\utils\build\shim.js:137:38)</stack-trace>
            </failure>
        </test-case>
        <test-case start='1673305316560' status='failed' stop='1673305317650'>
            <name>[CP05] Debería agregar iPhone al carrito de compras</name>
            <title>[CP05] Debería agregar iPhone al carrito de compras</title>
            <labels>
                <label name='language' value='javascript'/>
                <label name='framework' value='wdio'/>
                <label name='thread' value='0-0'/>
            </labels>
            <parameters>
                <parameter kind='argument' name='browser' value='chrome-108.0.5359.125'/>
            </parameters>
            <steps/>
            <attachments>
                <attachment title='Screenshot' source='fab53d34-61fb-4953-93e8-7adadae295b2-attachment.png' type='image/png' size='169107'/>
                <attachment title='Screenshot' source='8c27918e-9cb8-4ac2-b5fd-710243810226-attachment.png' type='image/png' size='161506'/>
            </attachments>
            <failure>
                <message>Error: OpenCart cart total doesn't match original quantity: expected 53.94 to equal +0      
                      actual expected
                      
                      53.940
                      </message>
                <stack-trace>AssertionError: Error: OpenCart cart total doesn't match original quantity: expected 53.94 to equal +0
                    at Context.&lt;anonymous> (C:\Users\vgs17carge\Documents\GitHub\prueba-final-opencart\tests\/shoppingCart.test.js:19:166)</stack-trace>
            </failure>
        </test-case>
    </test-cases>
</ns2:test-suite>