<?xml version='1.0'?>
<ns2:test-suite xmlns:ns2='urn:model.allure.qatools.yandex.ru' start='1673009343797' stop='1673009361103'>
    <name>OpenCart Shopping Cart</name>
    <title>OpenCart Shopping Cart</title>
    <test-cases>
        <test-case start='1673009343798' status='failed' stop='1673009350894'>
            <name>[CP05] Debería agregar MacBook al carrito de compras</name>
            <title>[CP05] Debería agregar MacBook al carrito de compras</title>
            <labels>
                <label name='language' value='javascript'/>
                <label name='framework' value='wdio'/>
                <label name='thread' value='0-0'/>
                <label name='language' value='javascript'/>
                <label name='framework' value='wdio'/>
                <label name='thread' value='0-0'/>
                <label name='language' value='javascript'/>
                <label name='framework' value='wdio'/>
                <label name='thread' value='0-0'/>
            </labels>
            <parameters>
                <parameter kind='argument' name='browser' value='chrome-108.0.5359.125'/>
                <parameter kind='argument' name='browser' value='chrome-108.0.5359.125'/>
                <parameter kind='argument' name='browser' value='chrome-108.0.5359.125'/>
            </parameters>
            <steps>
                <step start='1673009347841' status='passed' stop='1673009347841'>
                    <name>Devuelve selector del artículo del block "Featured" acorde al nombre</name>
                    <title>Devuelve selector del artículo del block "Featured" acorde al nombre</title>
                    <attachments/>
                    <steps/>
                </step>
                <step start='1673009349881' status='passed' stop='1673009349881'>
                    <name>Devuelve selector del artículo del block "Featured" acorde al nombre</name>
                    <title>Devuelve selector del artículo del block "Featured" acorde al nombre</title>
                    <attachments/>
                    <steps/>
                </step>
                <step start='1673009350005' status='passed' stop='1673009350005'>
                    <name>Add to cart</name>
                    <title>Add to cart</title>
                    <attachments/>
                    <steps/>
                </step>
            </steps>
            <attachments>
                <attachment title='Screenshot' source='88500347-0a5c-4ac3-8471-1e931c853ee6-attachment.png' type='image/png' size='111272'/>
            </attachments>
            <failure>
                <message>Error: No se agregó MacBook al carrito de compras: expected false to be true      
                      actual expected
                      
                      falsetrue
                      </message>
                <stack-trace>AssertionError: Error: No se agregó MacBook al carrito de compras: expected false to be true
                    at Context.&lt;anonymous> (C:\Users\vgs17carge\Documents\GitHub\prueba-final-opencart\tests\/shoppingCart.test.js:21:141)</stack-trace>
            </failure>
        </test-case>
        <test-case start='1673009350895' status='broken' stop='1673009361102'>
            <name>[CP05] Debería agregar iPhone al carrito de compras</name>
            <title>[CP05] Debería agregar iPhone al carrito de compras</title>
            <labels>
                <label name='language' value='javascript'/>
                <label name='framework' value='wdio'/>
                <label name='thread' value='0-0'/>
            </labels>
            <parameters>
                <parameter kind='argument' name='browser' value='chrome-108.0.5359.125'/>
            </parameters>
            <steps>
                <step start='1673009350895' status='passed' stop='1673009350895'>
                    <name>Devuelve selector del artículo del block "Featured" acorde al nombre</name>
                    <title>Devuelve selector del artículo del block "Featured" acorde al nombre</title>
                    <attachments/>
                    <steps/>
                </step>
            </steps>
            <attachments>
                <attachment title='Screenshot' source='194e3df3-2cbd-4ee9-af9e-6d3efd748dc6-attachment.png' type='image/png' size='113479'/>
            </attachments>
            <failure>
                <message>element ("img[title="iPhone"]") still not clickable after 10000ms</message>
                <stack-trace>Error: element ("img[title="iPhone"]") still not clickable after 10000ms
                    at C:\Users\vgs17carge\Documents\GitHub\prueba-final-opencart\node_modules\webdriverio\build\commands\browser\waitUntil.js:66:23
                    at Element.wrapCommandFn (C:\Users\vgs17carge\Documents\GitHub\prueba-final-opencart\node_modules\@wdio\utils\build\shim.js:137:29)
                    at Element.elementErrorHandlerCallbackFn (C:\Users\vgs17carge\Documents\GitHub\prueba-final-opencart\node_modules\webdriverio\build\middlewares.js:24:32)
                    at Element.wrapCommandFn (C:\Users\vgs17carge\Documents\GitHub\prueba-final-opencart\node_modules\@wdio\utils\build\shim.js:137:29)
                    at Element.wrapCommandFn (C:\Users\vgs17carge\Documents\GitHub\prueba-final-opencart\node_modules\@wdio\utils\build\shim.js:137:29)
                    at Element.elementErrorHandlerCallbackFn (C:\Users\vgs17carge\Documents\GitHub\prueba-final-opencart\node_modules\webdriverio\build\middlewares.js:24:32)
                    at Element.wrapCommandFn (C:\Users\vgs17carge\Documents\GitHub\prueba-final-opencart\node_modules\@wdio\utils\build\shim.js:137:29)
                    at HomePage.clickearElemento (C:\Users\vgs17carge\Documents\GitHub\prueba-final-opencart\pages\/base.page.js:20:8)
                    at Context.&lt;anonymous> (C:\Users\vgs17carge\Documents\GitHub\prueba-final-opencart\tests\/shoppingCart.test.js:18:17)</stack-trace>
            </failure>
        </test-case>
    </test-cases>
</ns2:test-suite>