<?xml version='1.0'?>
<ns2:test-suite xmlns:ns2='urn:model.allure.qatools.yandex.ru' start='1673030768778' stop='1673030785500'>
    <name>OpenCart Shopping Cart</name>
    <title>OpenCart Shopping Cart</title>
    <test-cases>
        <test-case start='1673030768780' status='broken' stop='1673030775287'>
            <name>[CP05] Debería agregar MacBook al carrito de compras</name>
            <title>[CP05] Debería agregar MacBook al carrito de compras</title>
            <labels>
                <label name='language' value='javascript'/>
                <label name='framework' value='wdio'/>
                <label name='thread' value='0-0'/>
                <label name='language' value='javascript'/>
                <label name='framework' value='wdio'/>
                <label name='thread' value='0-0'/>
                <label name='language' value='javascript'/>
                <label name='framework' value='wdio'/>
                <label name='thread' value='0-0'/>
            </labels>
            <parameters>
                <parameter kind='argument' name='browser' value='chrome-108.0.5359.125'/>
                <parameter kind='argument' name='browser' value='chrome-108.0.5359.125'/>
                <parameter kind='argument' name='browser' value='chrome-108.0.5359.125'/>
            </parameters>
            <steps>
                <step start='1673030772455' status='passed' stop='1673030772455'>
                    <name>Devuelve selector del artículo del block "Featured" acorde al nombre</name>
                    <title>Devuelve selector del artículo del block "Featured" acorde al nombre</title>
                    <attachments/>
                    <steps/>
                </step>
                <step start='1673030774168' status='passed' stop='1673030774168'>
                    <name>Devuelve selector del artículo del block "Featured" acorde al nombre</name>
                    <title>Devuelve selector del artículo del block "Featured" acorde al nombre</title>
                    <attachments/>
                    <steps/>
                </step>
                <step start='1673030774249' status='passed' stop='1673030774249'>
                    <name>Add to cart</name>
                    <title>Add to cart</title>
                    <attachments/>
                    <steps/>
                </step>
            </steps>
            <attachments>
                <attachment title='Screenshot' source='f85ef002-a5fb-4aec-bb66-339d1a2980fe-attachment.png' type='image/png' size='111272'/>
            </attachments>
            <failure>
                <message>result is not defined</message>
                <stack-trace>ReferenceError: result is not defined
                    at UtilitiesMethods.cutString (C:\Users\vgs17carge\Documents\GitHub\prueba-final-opencart\utils\/utilitiesMethods.js:26:9)
                    at Context.&lt;anonymous> (C:\Users\vgs17carge\Documents\GitHub\prueba-final-opencart\tests\/shoppingCart.test.js:23:59)</stack-trace>
            </failure>
        </test-case>
        <test-case start='1673030775288' status='broken' stop='1673030785499'>
            <name>[CP05] Debería agregar iPhone al carrito de compras</name>
            <title>[CP05] Debería agregar iPhone al carrito de compras</title>
            <labels>
                <label name='language' value='javascript'/>
                <label name='framework' value='wdio'/>
                <label name='thread' value='0-0'/>
            </labels>
            <parameters>
                <parameter kind='argument' name='browser' value='chrome-108.0.5359.125'/>
            </parameters>
            <steps>
                <step start='1673030775288' status='passed' stop='1673030775288'>
                    <name>Devuelve selector del artículo del block "Featured" acorde al nombre</name>
                    <title>Devuelve selector del artículo del block "Featured" acorde al nombre</title>
                    <attachments/>
                    <steps/>
                </step>
            </steps>
            <attachments>
                <attachment title='Screenshot' source='60160b3c-f20b-4794-8afa-80eaa6a7e147-attachment.png' type='image/png' size='111272'/>
            </attachments>
            <failure>
                <message>element ("img[title="iPhone"]") still not clickable after 10000ms</message>
                <stack-trace>Error: element ("img[title="iPhone"]") still not clickable after 10000ms
                    at C:\Users\vgs17carge\Documents\GitHub\prueba-final-opencart\node_modules\webdriverio\build\commands\browser\waitUntil.js:66:23
                    at Element.wrapCommandFn (C:\Users\vgs17carge\Documents\GitHub\prueba-final-opencart\node_modules\@wdio\utils\build\shim.js:137:29)
                    at Element.elementErrorHandlerCallbackFn (C:\Users\vgs17carge\Documents\GitHub\prueba-final-opencart\node_modules\webdriverio\build\middlewares.js:24:32)
                    at Element.wrapCommandFn (C:\Users\vgs17carge\Documents\GitHub\prueba-final-opencart\node_modules\@wdio\utils\build\shim.js:137:29)
                    at Element.wrapCommandFn (C:\Users\vgs17carge\Documents\GitHub\prueba-final-opencart\node_modules\@wdio\utils\build\shim.js:137:29)
                    at Element.elementErrorHandlerCallbackFn (C:\Users\vgs17carge\Documents\GitHub\prueba-final-opencart\node_modules\webdriverio\build\middlewares.js:24:32)
                    at Element.wrapCommandFn (C:\Users\vgs17carge\Documents\GitHub\prueba-final-opencart\node_modules\@wdio\utils\build\shim.js:137:29)
                    at HomePage.clickearElemento (C:\Users\vgs17carge\Documents\GitHub\prueba-final-opencart\pages\/base.page.js:20:8)
                    at Context.&lt;anonymous> (C:\Users\vgs17carge\Documents\GitHub\prueba-final-opencart\tests\/shoppingCart.test.js:19:17)</stack-trace>
            </failure>
        </test-case>
    </test-cases>
</ns2:test-suite>