<?xml version='1.0'?>
<ns2:test-suite xmlns:ns2='urn:model.allure.qatools.yandex.ru' start='1673304990393' stop='1673304999249'>
    <name>OpenCart Shopping Cart</name>
    <title>OpenCart Shopping Cart</title>
    <test-cases>
        <test-case start='1673304990393' status='broken' stop='1673304998045'>
            <name>[CP05] Debería agregar MacBook al carrito de compras</name>
            <title>[CP05] Debería agregar MacBook al carrito de compras</title>
            <labels>
                <label name='language' value='javascript'/>
                <label name='framework' value='wdio'/>
                <label name='thread' value='0-0'/>
                <label name='language' value='javascript'/>
                <label name='framework' value='wdio'/>
                <label name='thread' value='0-0'/>
                <label name='language' value='javascript'/>
                <label name='framework' value='wdio'/>
                <label name='thread' value='0-0'/>
            </labels>
            <parameters>
                <parameter kind='argument' name='browser' value='chrome-108.0.5359.125'/>
                <parameter kind='argument' name='browser' value='chrome-108.0.5359.125'/>
                <parameter kind='argument' name='browser' value='chrome-108.0.5359.125'/>
            </parameters>
            <steps>
                <step start='1673304994293' status='passed' stop='1673304994293'>
                    <name>Devuelve selector del artículo del block "Featured" acorde al nombre</name>
                    <title>Devuelve selector del artículo del block "Featured" acorde al nombre</title>
                    <attachments/>
                    <steps/>
                </step>
                <step start='1673304995895' status='passed' stop='1673304995895'>
                    <name>Devuelve selector del artículo del block "Featured" acorde al nombre</name>
                    <title>Devuelve selector del artículo del block "Featured" acorde al nombre</title>
                    <attachments/>
                    <steps/>
                </step>
                <step start='1673304995993' status='passed' stop='1673304995993'>
                    <name>Add to Shopping Cart</name>
                    <title>Add to Shopping Cart</title>
                    <attachments/>
                    <steps/>
                </step>
                <step start='1673304996756' status='passed' stop='1673304996756'>
                    <name>Return to Home Page</name>
                    <title>Return to Home Page</title>
                    <attachments/>
                    <steps/>
                </step>
                <step start='1673304997344' status='passed' stop='1673304997344'>
                    <name>View Shopping Cart</name>
                    <title>View Shopping Cart</title>
                    <attachments/>
                    <steps/>
                </step>
                <step start='1673304997602' status='passed' stop='1673304997602'>
                    <name>Remove from Shopping Cart</name>
                    <title>Remove from Shopping Cart</title>
                    <attachments/>
                    <steps/>
                </step>
            </steps>
            <attachments>
                <attachment title='Screenshot' source='ebbfe00d-29bd-4d0e-99ff-924d3a39c268-attachment.png' type='image/png' size='168177'/>
                <attachment title='Screenshot' source='0085789a-95a6-4325-8edc-6a106f0859d4-attachment.png' type='image/png' size='158452'/>
            </attachments>
            <failure>
                <message>The element with selector "#cart-total" you are trying to pass into the execute method wasn't found</message>
                <stack-trace>Error: The element with selector "#cart-total" you are trying to pass into the execute method wasn't found
                    at verify (C:\Users\vgs17carge\Documents\GitHub\prueba-final-opencart\node_modules\webdriverio\build\utils\index.js:310:23)
                    at Array.map (&lt;anonymous>)
                    at verifyArgsAndStripIfElement (C:\Users\vgs17carge\Documents\GitHub\prueba-final-opencart\node_modules\webdriverio\build\utils\index.js:319:55)
                    at Browser.execute (C:\Users\vgs17carge\Documents\GitHub\prueba-final-opencart\node_modules\webdriverio\build\commands\browser\execute.js:53:79)
                    at Browser.wrapCommandFn (C:\Users\vgs17carge\Documents\GitHub\prueba-final-opencart\node_modules\@wdio\utils\build\shim.js:137:38)</stack-trace>
            </failure>
        </test-case>
        <test-case start='1673304998046' status='failed' stop='1673304999248'>
            <name>[CP05] Debería agregar iPhone al carrito de compras</name>
            <title>[CP05] Debería agregar iPhone al carrito de compras</title>
            <labels>
                <label name='language' value='javascript'/>
                <label name='framework' value='wdio'/>
                <label name='thread' value='0-0'/>
            </labels>
            <parameters>
                <parameter kind='argument' name='browser' value='chrome-108.0.5359.125'/>
            </parameters>
            <steps/>
            <attachments>
                <attachment title='Screenshot' source='3cb50386-cb68-4412-bdc1-b0c86fae0eec-attachment.png' type='image/png' size='169107'/>
                <attachment title='Screenshot' source='e0670402-faf7-4a2c-a1bf-0b0446531a20-attachment.png' type='image/png' size='161224'/>
            </attachments>
            <failure>
                <message>Error: OpenCart cart total doesn't match original quantity: expected 53.94 to equal +0      
                      actual expected
                      
                      53.940
                      </message>
                <stack-trace>AssertionError: Error: OpenCart cart total doesn't match original quantity: expected 53.94 to equal +0
                    at Context.&lt;anonymous> (C:\Users\vgs17carge\Documents\GitHub\prueba-final-opencart\tests\/shoppingCart.test.js:20:166)</stack-trace>
            </failure>
        </test-case>
    </test-cases>
</ns2:test-suite>